SF:lib\common\domain\entities\user_entity.dart
DA:17,0
DA:18,0
DA:20,2
DA:21,1
DA:22,4
DA:23,1
DA:26,0
DA:27,0
DA:28,0
DA:29,0
LF:10
LH:4
end_of_record
SF:lib\common\domain\entities\user_entity.g.dart
DA:9,0
DA:10,0
DA:11,0
DA:12,0
DA:13,0
DA:16,0
DA:17,0
DA:18,0
DA:19,0
DA:20,0
LF:10
LH:0
end_of_record
SF:lib\feature\auth\data\firebase_auth_service.dart
DA:14,0
DA:16,0
DA:18,0
DA:19,0
DA:21,0
DA:22,0
DA:26,0
DA:30,0
DA:32,0
DA:34,0
DA:37,0
DA:40,0
DA:44,0
DA:46,0
DA:48,0
DA:49,0
DA:50,0
DA:51,0
DA:52,0
DA:53,0
DA:54,0
DA:55,0
DA:56,0
DA:57,0
DA:58,0
DA:59,0
DA:60,0
DA:61,0
DA:66,0
DA:69,0
DA:72,0
LF:31
LH:0
end_of_record
SF:lib\feature\auth\domain\firebase_auth_repository.dart
DA:14,0
DA:17,0
DA:21,0
DA:23,0
DA:26,0
DA:29,0
DA:32,0
DA:35,0
DA:40,0
DA:42,0
DA:45,0
LF:11
LH:0
end_of_record
SF:lib\feature\auth\ui\bloc\auth_bloc.dart
DA:16,1
DA:35,1
DA:72,0
DA:75,0
DA:76,0
DA:83,1
DA:86,3
DA:87,1
DA:88,2
DA:89,2
DA:90,0
DA:91,0
DA:95,1
DA:103,1
DA:106,4
DA:107,2
DA:108,1
DA:109,1
DA:111,2
DA:113,3
DA:114,4
DA:122,0
DA:126,0
DA:129,0
DA:138,0
DA:141,0
DA:142,0
DA:143,0
DA:144,0
DA:146,0
DA:148,0
DA:149,0
DA:150,0
LF:33
LH:16
end_of_record
SF:lib\common\data\i_auth_service.dart
DA:2,0
DA:4,0
DA:6,0
DA:8,0
LF:4
LH:0
end_of_record
SF:lib\firebase_options.dart
DA:18,0
DA:22,0
DA:23,0
DA:25,0
DA:27,0
DA:29,0
DA:30,0
DA:34,0
DA:35,0
DA:40,0
LF:10
LH:0
end_of_record
SF:lib\common\domain\utils\utils.dart
DA:7,0
DA:10,0
DA:11,0
DA:15,0
DA:21,1
DA:23,1
DA:25,1
DA:26,0
DA:27,2
LF:9
LH:4
end_of_record
SF:lib\common\domain\di\init_di.config.dart
DA:28,0
DA:32,0
DA:37,0
DA:38,0
DA:39,0
DA:40,0
DA:42,0
DA:43,0
DA:44,0
DA:46,0
DA:47,0
DA:52,0
DA:53,0
DA:56,0
DA:57,0
DA:58,0
DA:59,0
DA:60,0
DA:62,0
DA:63,0
DA:64,0
DA:66,0
DA:67,0
DA:73,0
DA:74,0
DA:77,0
DA:78,0
DA:79,0
DA:80,0
DA:84,0
DA:85,0
DA:87,0
DA:88,0
DA:89,0
DA:91,0
DA:93,0
DA:97,0
DA:98,0
DA:101,0
LF:39
LH:0
end_of_record
SF:lib\common\domain\di\init_di.dart
DA:20,0
DA:22,0
DA:23,0
DA:28,0
DA:30,0
DA:32,0
DA:35,0
DA:37,0
DA:39,0
DA:42,0
DA:45,0
DA:47,0
DA:51,0
DA:53,0
DA:56,0
DA:60,0
DA:63,0
DA:65,0
DA:70,0
DA:72,0
DA:76,0
DA:80,0
DA:81,0
DA:83,0
DA:85,0
DA:87,0
DA:89,0
DA:90,0
DA:92,2
LF:29
LH:1
end_of_record
SF:lib\feature\chat\domain\firebase_chat_io_repository.dart
DA:19,0
DA:20,0
DA:21,0
DA:23,0
DA:25,0
DA:28,0
DA:29,0
DA:32,0
DA:35,0
DA:38,0
DA:40,0
DA:41,0
DA:42,0
DA:43,0
DA:45,0
DA:48,0
DA:49,0
DA:51,0
DA:54,0
LF:19
LH:0
end_of_record
SF:lib\feature\chat\ui\bloc\chat_screen_bloc.dart
DA:16,1
DA:33,0
DA:56,0
DA:59,0
DA:62,0
DA:65,0
DA:66,0
DA:72,0
DA:75,0
DA:76,0
DA:77,0
DA:80,0
DA:81,0
DA:82,0
DA:83,0
DA:84,0
DA:88,0
DA:97,0
DA:100,0
DA:101,0
DA:103,0
DA:104,0
DA:109,0
DA:112,0
DA:113,0
DA:114,0
DA:116,0
DA:117,0
LF:28
LH:1
end_of_record
SF:lib\feature\main\ui\bloc\main_screen_bloc.dart
DA:16,0
DA:43,0
DA:46,0
DA:49,0
DA:52,0
DA:53,0
DA:60,2
DA:80,0
DA:85,0
DA:87,0
DA:88,0
DA:92,0
DA:93,0
DA:94,0
DA:95,0
DA:96,0
DA:97,0
DA:99,0
DA:109,0
DA:112,0
DA:113,0
DA:114,0
DA:117,0
DA:124,0
DA:127,0
DA:130,0
DA:131,0
DA:134,0
DA:141,0
DA:144,0
LF:30
LH:1
end_of_record
SF:lib\feature\chat\data\firebase_chat_io_service.dart
DA:14,0
DA:17,0
DA:18,0
DA:19,0
DA:20,0
DA:21,0
DA:22,0
DA:23,0
DA:26,0
DA:29,0
DA:30,0
DA:31,0
DA:32,0
DA:33,0
DA:34,0
DA:36,0
LF:16
LH:0
end_of_record
SF:lib\feature\main\data\firebase_io_service.dart
DA:13,0
DA:16,0
DA:17,0
DA:19,0
DA:21,0
DA:22,0
DA:25,0
DA:26,0
DA:27,0
DA:28,0
DA:29,0
DA:30,0
DA:32,0
DA:34,0
DA:35,0
DA:36,0
DA:37,0
DA:38,0
DA:40,0
DA:43,0
DA:44,0
DA:45,0
DA:46,0
DA:47,0
LF:24
LH:0
end_of_record
SF:lib\feature\main\domain\firebase_io_repository.dart
DA:16,0
DA:18,0
DA:22,0
DA:24,0
DA:27,0
DA:28,0
DA:31,0
LF:7
LH:0
end_of_record
SF:lib\feature\chat\domain\entities\message_entity.dart
DA:18,0
DA:19,0
DA:21,0
DA:22,0
DA:23,0
DA:24,0
DA:25,0
DA:26,0
DA:27,0
LF:9
LH:0
end_of_record
SF:lib\feature\chat\domain\entities\message_entity.g.dart
DA:9,0
DA:10,0
DA:11,0
DA:12,0
DA:13,0
DA:14,0
DA:15,0
DA:18,0
DA:19,0
DA:20,0
DA:21,0
DA:22,0
DA:23,0
DA:24,0
LF:14
LH:0
end_of_record
SF:lib\feature\main\domain\entities\main_screen_data_entity.dart
DA:12,0
DA:13,0
LF:2
LH:0
end_of_record
SF:lib\feature\main\domain\entities\main_screen_data_entity.g.dart
DA:9,0
DA:11,0
DA:12,0
DA:13,0
DA:14,0
DA:15,0
DA:18,0
DA:20,0
DA:21,0
LF:9
LH:0
end_of_record
SF:lib\common\ui\app_components\select_language_widget.dart
DA:8,4
DA:10,1
DA:11,1
DA:18,1
DA:20,2
DA:21,1
DA:24,1
DA:26,1
DA:27,1
DA:28,3
DA:29,1
DA:30,1
DA:31,3
DA:34,1
DA:35,3
DA:36,1
LF:16
LH:16
end_of_record
SF:lib\common\domain\error\error_entity.dart
DA:9,0
DA:16,0
DA:17,0
DA:18,0
DA:19,0
DA:21,0
DA:22,0
DA:23,0
DA:24,0
LF:9
LH:0
end_of_record
SF:lib\common\ui\app_components\app_loading_widget.dart
DA:5,2
DA:7,0
DA:9,0
DA:10,0
DA:12,0
LF:5
LH:1
end_of_record
SF:lib\common\ui\app_components\app_snack_bar.dart
DA:5,0
DA:6,0
DA:8,0
DA:9,0
DA:16,0
DA:17,0
DA:19,0
DA:20,0
DA:21,0
DA:27,0
DA:28,0
LF:11
LH:0
end_of_record
SF:lib\common\ui\app_components\app_text_button.dart
DA:4,0
DA:13,0
DA:15,0
DA:16,0
DA:17,0
DA:18,0
DA:19,0
DA:21,0
LF:8
LH:0
end_of_record
SF:lib\common\ui\app_components\app_text_field.dart
DA:4,0
DA:16,0
DA:18,0
DA:19,0
DA:20,0
DA:21,0
DA:23,0
DA:24,0
DA:25,0
DA:26,0
DA:31,0
DA:32,0
LF:12
LH:0
end_of_record
SF:lib\common\ui\root_screen_builder.dart
DA:16,0
DA:17,1
DA:18,1
DA:20,0
DA:21,0
DA:27,0
DA:28,0
DA:30,0
DA:32,0
DA:36,0
DA:37,0
DA:38,0
DA:39,0
DA:40,0
DA:41,0
DA:42,0
DA:43,0
DA:44,0
DA:45,0
DA:46,0
DA:47,0
DA:48,0
DA:49,0
DA:50,0
DA:51,0
DA:53,0
DA:61,0
DA:62,0
DA:64,0
DA:67,0
DA:69,0
DA:71,0
LF:32
LH:2
end_of_record
SF:lib\feature\auth\ui\login_screen.dart
DA:11,0
DA:17,0
DA:19,0
DA:20,0
DA:21,0
DA:24,0
DA:25,0
DA:26,0
DA:27,0
DA:29,0
DA:31,0
DA:32,0
DA:33,0
DA:38,0
DA:39,0
DA:45,0
DA:46,0
DA:47,0
DA:48,0
DA:49,0
DA:50,0
DA:53,0
DA:55,0
DA:56,0
DA:57,0
DA:58,0
DA:60,0
LF:27
LH:0
end_of_record
SF:lib\feature\auth\ui\register_screen.dart
DA:8,0
DA:15,0
DA:17,0
DA:18,0
DA:19,0
DA:20,0
DA:21,0
DA:22,0
DA:24,0
DA:26,0
DA:27,0
DA:28,0
DA:32,0
DA:33,0
DA:38,0
DA:39,0
DA:44,0
DA:45,0
DA:46,0
DA:47,0
DA:48,0
DA:52,0
DA:53,0
DA:54,0
DA:55,0
LF:25
LH:0
end_of_record
SF:lib\feature\main\ui\main_screen_builder.dart
DA:17,1
DA:19,0
DA:21,0
DA:22,0
DA:23,0
DA:24,0
DA:25,0
DA:26,0
DA:27,0
DA:29,0
DA:30,0
DA:31,0
DA:32,0
DA:33,0
LF:14
LH:1
end_of_record
SF:lib\feature\chat\ui\chat_builder.dart
DA:13,0
DA:15,0
DA:17,0
DA:19,0
DA:20,0
DA:21,0
DA:22,0
DA:23,0
DA:24,0
LF:9
LH:0
end_of_record
SF:lib\feature\chat\ui\chat_screen.dart
DA:16,0
DA:19,0
DA:20,0
DA:25,0
DA:27,0
DA:28,0
DA:29,0
DA:30,0
DA:31,0
DA:32,0
DA:33,0
DA:34,0
DA:40,0
LF:13
LH:0
end_of_record
SF:lib\feature\chat\ui\chat_screen_parts\chat_flow_widget.dart
DA:15,0
DA:18,0
DA:19,0
DA:26,0
DA:28,0
DA:29,0
DA:32,0
DA:34,0
DA:35,0
DA:37,0
DA:38,0
DA:40,0
DA:41,0
DA:42,0
DA:43,0
DA:44,0
DA:45,0
DA:47,0
DA:49,0
DA:50,0
DA:51,0
LF:21
LH:0
end_of_record
SF:lib\feature\chat\ui\chat_screen_parts\chat_screen_app_bar.dart
DA:10,0
DA:13,0
DA:15,0
DA:16,0
DA:17,0
DA:18,0
DA:19,0
DA:21,0
DA:26,0
LF:9
LH:0
end_of_record
SF:lib\feature\chat\ui\chat_screen_parts\chat_screen_bottom_bar.dart
DA:7,0
DA:10,0
DA:12,0
DA:13,0
DA:14,0
DA:15,0
DA:16,0
DA:18,0
DA:20,0
DA:22,0
DA:24,0
DA:25,0
DA:26,0
DA:27,0
DA:28,0
LF:15
LH:0
end_of_record
SF:lib\feature\main\ui\users_list_screen.dart
DA:10,0
DA:13,0
DA:14,0
DA:21,0
DA:23,0
DA:24,0
DA:25,0
DA:26,0
DA:29,0
DA:31,0
DA:32,0
DA:33,0
DA:34,0
DA:35,0
DA:36,0
DA:37,0
DA:41,0
DA:42,0
DA:45,0
DA:46,0
DA:49,0
DA:50,0
DA:51,0
DA:52,0
DA:53,0
DA:54,0
DA:68,0
DA:71,0
DA:73,0
DA:74,0
DA:75,0
DA:77,0
DA:78,0
LF:33
LH:0
end_of_record
SF:lib\feature\chat\ui\chat_screen_parts\message_bubble_widget.dart
DA:9,0
DA:12,0
DA:13,0
DA:19,0
DA:21,0
DA:22,0
DA:23,0
DA:26,0
DA:31,0
DA:33,0
DA:34,0
DA:36,0
DA:38,0
DA:41,0
DA:42,0
DA:52,0
DA:53,0
DA:54,0
DA:55,0
DA:56,0
DA:59,0
DA:60,0
DA:63,0
LF:23
LH:0
end_of_record
SF:lib\feature\profile\ui\profile_screen.dart
DA:13,0
DA:19,0
DA:21,0
DA:22,0
DA:23,0
DA:27,0
DA:30,0
DA:31,0
DA:32,0
DA:33,0
DA:35,0
DA:37,0
DA:40,0
DA:41,0
DA:42,0
DA:45,0
DA:46,0
DA:47,0
DA:50,0
DA:51,0
DA:52,0
DA:54,0
LF:22
LH:0
end_of_record
